make all --print-data-base --no-builtin-variables --no-builtin-rules --question
# GNU Make 4.3
# Built for x86_64-pc-linux-gnu
# Copyright (C) 1988-2020 Free Software Foundation, Inc.
# License GPLv3+: GNU GPL version 3 or later <http://gnu.org/licenses/gpl.html>
# This is free software: you are free to change and redistribute it.
# There is NO WARRANTY, to the extent permitted by law.

# Make data base, printed on Mon May 19 14:03:33 2025

# Variables

# makefile (from 'Makefile', line 7)
OBJ = ${SRC:.c=.o}
# environment
GDK_BACKEND = x11
# environment
MEMORY_PRESSURE_WRITE = c29tZSAyMDAwMDAgMjAwMDAwMAA=
# environment
LC_ALL = C
# makefile (from 'Makefile', line 5)
SRC = ft_printf.c ft_putnbr.c ft_puthexadecimal.c ft_u_putnbr.c ft_putstr.c
# environment
GNOME_SHELL_SESSION_MODE = ubuntu
# environment
FONTCONFIG_PATH = /etc/fonts
# environment
 
GJS_DEBUG_OUTPUT = stderr
# environment
SNAP_LAUNCHER_ARCH_TRIPLET = x86_64-linux-gnu
# environment
VSCODE_CRASH_REPORTER_PROCESS_TYPE = extensionHost
# environment
VSCODE_CWD = /home/khalfaoui-driss
# default
MAKE_COMMAND := make
# environment
QT_ACCESSIBILITY = 1
# automatic
@D = $(patsubst %/,%,$(dir $@))
# environment
SNAP_INSTANCE_NAME = code
# environment
GDK_PIXBUF_MODULEDIR = /snap/code/193/usr/lib/x86_64-linux-gnu/gdk-pixbuf-2.0/2.10.0/loaders
# environment
VSCODE_HANDLES_UNCAUGHT_ERRORS = true
# default
.VARIABLES := 
# environment
PWD = /home/khalfaoui-driss/common_core/ft_printf
# automatic
%D = $(patsubst %/,%,$(dir $%))
# environment
XDG_DATA_DIRS = /home/khalfaoui-driss/snap/code/193/.local/share:/home/khalfaoui-driss/snap/code/193:/snap/code/193/usr/share:/usr/share/ubuntu:/usr/share/gnome:/usr/local/share/:/usr/share/:/var/lib/snapd/desktop
# environment
SNAP_EUID = 1000
# automatic
^D = $(patsubst %/,%,$(dir $^))
# automatic
%F = $(notdir $%)
# environment
CONDA_PROMPT_MODIFIER = (base) 
# environment
VSCODE_CODE_CACHE_PATH = /home/khalfaoui-driss/.config/Code/CachedData/91fa95bccb027ece6a968589bb1d662fa9c8e170
# environment
LANG = C
# environment
XAUTHORITY = /run/user/1000/.mutter-Xwaylandauth.92ZR62
# default
.LOADED := 
# default
.INCLUDE_DIRS = /usr/local/include /usr/include /usr/include
# environment
MEMORY_PRESSURE_WATCH = /sys/fs/cgroup/user.slice/user-1000.slice/user@1000.service/session.slice/org.gnome.Shell@wayland.service/memory.pressure
# makefile
MAKEFLAGS = pqrR
# makefile
CURDIR := /home/khalfaoui-driss/common_core/ft_printf
# environment
APPLICATION_INSIGHTS_NO_DIAGNOSTIC_CHANNEL = true
# environment
LESSOPEN = | /usr/bin/lesspipe %s
# automatic
*D = $(patsubst %/,%,$(dir $*))
# environment
MFLAGS = -pqrR
# environment
SSH_AUTH_SOCK = /run/user/1000/keyring/ssh
# default
.SHELLFLAGS := -c
# environment
WAYLAND_DISPLAY = wayland-0
# environment
XDG_CONFIG_DIRS = /etc/xdg/xdg-ubuntu:/etc/xdg
# automatic
+D = $(patsubst %/,%,$(dir $+))
# environment
XDG_SESSION_DESKTOP = ubuntu
# makefile (from 'Makefile', line 1)
MAKEFILE_LIST := Makefile
# environment
CONDA_SHLVL = 1
# automatic
@F = $(notdir $@)
# environment
VSCODE_PID = 4595
# environment
XDG_SESSION_TYPE = wayland
# automatic
?D = $(patsubst %/,%,$(dir $?))
# environment
BAMF_DESKTOP_FILE_HINT = /var/lib/snapd/desktop/applications/code_code.desktop
# environment
CONDA_PYTHON_EXE = /home/khalfaoui-driss/miniconda3/bin/python
# makefile (from 'Makefile', line 3)
FLAGS = -Wall -Wextra -Werror
# environment
XDG_DATA_HOME = /home/khalfaoui-driss/snap/code/193/.local/share
# environment
SESSION_MANAGER = local/C47:@/tmp/.ICE-unix/2111,unix/C47:/tmp/.ICE-unix/2111
# automatic
*F = $(notdir $*)
# environment
CHROME_DESKTOP = code.desktop
# environment
DBUS_SESSION_BUS_ADDRESS = unix:path=/run/user/1000/bus
# automatic
<D = $(patsubst %/,%,$(dir $<))
# environment
VSCODE_NLS_CONFIG = {"userLocale":"en-us","osLocale":"en-us","resolvedLanguage":"en","defaultMessagesFile":"/snap/code/193/usr/share/code/resources/app/out/nls.messages.json","locale":"en-us","availableLanguages":{}}
# default
MAKE_HOST := x86_64-pc-linux-gnu
# environment
GTK_PATH = /snap/code/193/usr/lib/x86_64-linux-gnu/gtk-3.0
# environment
GNOME_DESKTOP_SESSION_ID = this-is-deprecated
# environment
CONDA_PREFIX = /home/khalfaoui-driss/miniconda3
# makefile
SHELL = /bin/sh
# default
MAKECMDGOALS := all
# environment
XMODIFIERS = @im=ibus
# environment
GJS_DEBUG_TOPICS = JS ERROR;JS LOG
# environment
SHLVL = 0
# environment
MAKELEVEL := 0
# environment
IM_CONFIG_CHECK_ENV = 1
# default
MAKE = $(MAKE_COMMAND)
# environment
SNAP_COOKIE = BfB97l0t-jApHq8kJi77SwAB8ePjfjTRAnPotbTZO4X2Q4iglKEx
# environment
PATH = /home/khalfaoui-driss/miniconda3/bin:/home/khalfaoui-driss/miniconda3/condabin:/usr/local/sbin:/usr/local/bin:/usr/sbin:/usr/bin:/sbin:/bin:/usr/games:/usr/local/games:/snap/bin:/snap/bin
# default
MAKEFILES := 
# automatic
^F = $(notdir $^)
# environment
SNAP_USER_COMMON = /home/khalfaoui-driss/snap/code/common
# environment
CLUTTER_DISABLE_MIPMAPPED_TEXT = 1
# environment
SNAP = /snap/code/193
# environment
INVOCATION_ID = 6811643551434cd8808b5296780b74a8
# environment
SNAP_REVISION = 193
# environment
SNAP_REAL_HOME = /home/khalfaoui-driss
# environment
FONTCONFIG_FILE = /etc/fonts/fonts.conf
# environment
USERNAME = khalfaoui-driss
# environment
GNOME_SETUP_DISPLAY = :1
# environment
LESSCLOSE = /usr/bin/lesspipe %s %s
# automatic
?F = $(notdir $?)
# environment
GTK_IM_MODULE_FILE = /home/khalfaoui-driss/snap/code/common/.cache/immodules/immodules.cache
# makefile (from 'Makefile', line 1)
NAME = libftprintf.a
# environment
XDG_CURRENT_DESKTOP = Unity
# automatic
+F = $(notdir $+)
# environment
DESKTOP_SESSION = ubuntu
# environment
ORIGINAL_XDG_CURRENT_DESKTOP = ubuntu:GNOME
# environment
LOCPATH = /snap/code/193/usr/lib/locale
# 'override' directive
GNUMAKEFLAGS := 
# environment
CONDA_DEFAULT_ENV = base
# environment
XDG_DATA_DIRS_VSCODE_SNAP_ORIG = /usr/share/ubuntu:/usr/share/gnome:/usr/local/share/:/usr/share/:/var/lib/snapd/desktop
# environment
LOGNAME = khalfaoui-driss
# environment
GIO_LAUNCHED_DESKTOP_FILE = /var/lib/snapd/desktop/applications/code_code.desktop
# environment
SNAP_ARCH = amd64
# makefile
.DEFAULT_GOAL := all
# environment
SYSTEMD_EXEC_PID = 2169
# environment
DISPLAY = :0
# environment
USER = khalfaoui-driss
# environment
GTK_MODULES = gail:atk-bridge
# default
MAKE_VERSION := 4.3
# environment
SNAP_DATA = /var/snap/code/193
# environment
SNAP_CONTEXT = BfB97l0t-jApHq8kJi77SwAB8ePjfjTRAnPotbTZO4X2Q4iglKEx
# environment
MANAGERPID = 1885
# environment
DEBUGINFOD_URLS = https://debuginfod.ubuntu.com 
# environment
GIO_LAUNCHED_DESKTOP_FILE_PID = 4538
# environment
_ = /snap/code/193/usr/share/code/code
# environment
XDG_RUNTIME_DIR = /run/user/1000
# environment
SNAP_UID = 1000
# environment
XDG_CONFIG_DIRS_VSCODE_SNAP_ORIG = /etc/xdg/xdg-ubuntu:/etc/xdg
# environment
GDK_PIXBUF_MODULE_FILE = /home/khalfaoui-driss/snap/code/common/.cache/gdk-pixbuf-loaders.cache
# environment
GIO_MODULE_DIR = /home/khalfaoui-driss/snap/code/common/.cache/gio-modules
# environment
JOURNAL_STREAM = 9:14935
# environment
XDG_SESSION_CLASS = user
# environment
GSM_SKIP_SSH_AGENT_WORKAROUND = true
# environment
HOME = /home/khalfaoui-driss
# environment
QT_IM_MODULE = ibus
# environment
ELECTRON_RUN_AS_NODE = 1
# environment
VSCODE_IPC_HOOK = /run/user/1000/vscode-6335123b-1.10-main.sock
# environment
GTK_EXE_PREFIX = /snap/code/193/usr
# environment
SNAP_NAME = code
# environment
GSETTINGS_SCHEMA_DIR = /home/khalfaoui-driss/snap/code/193/.local/share/glib-2.0/schemas
# environment
IM_CONFIG_PHASE = 1
# default
.RECIPEPREFIX := 
# automatic
<F = $(notdir $<)
# environment
SNAP_VERSION = 91fa95bc
# default
SUFFIXES := 
# environment
VSCODE_CLI = 1
# environment
ELECTRON_NO_ATTACH_CONSOLE = 1
# environment
SNAP_COMMON = /var/snap/code/common
# default
.FEATURES := target-specific order-only second-expansion else-if shortest-stem undefine oneshell nocomment grouped-target extra-prereqs archives jobserver output-sync check-symlink load
# environment
SNAP_USER_DATA = /home/khalfaoui-driss/snap/code/193
# environment
XDG_MENU_PREFIX = gnome-
# environment
VSCODE_ESM_ENTRYPOINT = vs/workbench/api/node/extensionHostProcess
# environment
CONDA_EXE = /home/khalfaoui-driss/miniconda3/bin/conda
# environment
GDMSESSION = ubuntu
# environment
SNAP_LIBRARY_PATH = /var/lib/snapd/lib/gl:/var/lib/snapd/lib/gl32:/var/lib/snapd/void
# variable set hash-table stats:
# Load=141/1024=14%, Rehash=0, Collisions=8/179=4%

# Pattern-specific Variable Values

# No pattern-specific variable values.

# Directories

# . (device 66307, inode 4332468): 12 files, no impossibilities.
 

# 12 files, no impossibilities in 1 directories.

# Implicit Rules

%.o: %.c
#  recipe to execute (from 'Makefile', line 15):
	cc ${FLAGS} -c $< -o $@

# 1 implicit rules, 0 (0.0%) terminal.
# Files

# Not a target:
ft_puthexadecimal.o:
#  Implicit rule search has not been done.
#  Modification time never checked.
#  File has not been updated.

# Not a target:
ft_printf.c:
#  Implicit rule search has been done.
#  Last modified 2025-05-13 03:35:03.897957665
#  File has been updated.
#  Successfully updated.

ft_printf.o: ft_printf.c
#  Implicit rule search has been done.
#  Implicit/static pattern stem: 'ft_printf'
#  File does not exist.
#  File has been updated.
#  Needs to be updated (-q is set).
# automatic
# @ := ft_printf.o
# automatic
# * := ft_printf
# automatic
# < := ft_printf.c
# automatic
# + := ft_printf.c
# automatic
# % := 
# automatic
# ^ := ft_printf.c
# automatic
# ? := ft_printf.c
# automatic
# | := 
# variable set hash-table stats:
# Load=8/32=25%, Rehash=0, Collisions=1/14=7%
#  recipe to execute (from 'Makefile', line 15):
	cc ${FLAGS} -c $< -o $@

# Not a target:
Makefile:
#  Implicit rule search has been done.
#  Last modified 2025-04-27 16:09:15.648751997
#  File has been updated.
#  Successfully updated.

clean:
#  Phony target (prerequisite of .PHONY).
#  Implicit rule search has not been done.
#  File does not exist.
#  File has not been updated.
#  recipe to execute (from 'Makefile', line 18):
	rm -rf ${OBJ}

# Not a target:
ft_putnbr.o:
#  Implicit rule search has not been done.
#  Modification time never checked.
#  File has not been updated.

re: fclean all
#  Phony target (prerequisite of .PHONY).
#  Implicit rule search has not been done.
#  File does not exist.
#  File has not been updated.

libftprintf.a: ft_printf.o ft_putnbr.o ft_puthexadecimal.o ft_u_putnbr.o ft_putstr.o
#  Implicit rule search has not been done.
#  Last modified 2025-05-11 22:16:23.796676524
#  File has been updated.
#  Needs to be updated (-q is set).
# variable set hash-table stats:
# Load=0/32=0%, Rehash=0, Collisions=0/4=0%
#  recipe to execute (from 'Makefile', line 12):
	ar crs ${NAME} ${OBJ}

# Not a target:
.DEFAULT:
#  Implicit rule search has not been done.
#  Modification time never checked.
#  File has not been updated.

all: libftprintf.a
#  Phony target (prerequisite of .PHONY).
#  Command line target.
#  Implicit rule search has not been done.
#  File does not exist.
#  File has been updated.
#  Needs to be updated (-q is set).
# variable set hash-table stats:
# Load=0/32=0%, Rehash=0, Collisions=0/4=0%

fclean: clean
#  Phony target (prerequisite of .PHONY).
#  Implicit rule search has not been done.
#  File does not exist.
#  File has not been updated.
#  recipe to execute (from 'Makefile', line 21):
	rm -rf ${NAME}

# Not a target:
ft_u_putnbr.o:
#  Implicit rule search has not been done.
#  Modification time never checked.
#  File has not been updated.

# Not a target:
ft_putstr.o:
#  Implicit rule search has not been done.
#  Modification time never checked.
#  File has not been updated.

.PHONY: all clean fclean re
#  Implicit rule search has not been done.
#  Modification time never checked.
#  File has not been updated.

# files hash-table stats:
# Load=15/1024=1%, Rehash=0, Collisions=0/43=0%
# VPATH Search Paths

# No 'vpath' search paths.

# No general ('VPATH' variable) search path.

# strcache buffers: 1 (0) / strings = 29 / storage = 291 B / avg = 10 B
# current buf: size = 8162 B / used = 291 B / count = 29 / avg = 10 B

# strcache performance: lookups = 51 / hit rate = 43%
# hash-table stats:
# Load=29/8192=0%, Rehash=0, Collisions=0/51=0%
# Finished Make data base on Mon May 19 14:03:33 2025

 
